<?xml version="1.0" ?>
<?xml-stylesheet type='text/xsl' href='interface.xsl'?>
<interface uri="http://0install.net/tests/Test-Hello.xml" xmlns="http://zero-install.sourceforge.net/2004/injector/interface" xmlns:compile="http://zero-install.sourceforge.net/2006/namespaces/0compile">
  <name>Test-Hello</name>
  <summary>demonstration package</summary>
  <description>
This program needs to be compiled, and it depends on another package that also
needs to be compiled. It can be used to test &quot;0compile autocompile&quot;.</description>
  <category>Development</category>
  <needs-terminal/>
  <group>
      <implementation arch="*-src" compile:binary-main="test-hello" compile:command="make -f $SRCDIR/Makefile" id="sha1new=8c368c5ed6cc65f528efd7b24cc8c25e4490977f" license="OSI Approved :: GNU General Public License v3" released="2009-04-12" version="1.0">
      <requires interface="http://0install.net/tests/GNU-Hello.xml">
        <environment insert="" mode="replace" name="hello"/>
      </requires>
    
      <archive extract="test-hello-1.0" href="http://kent.dl.sourceforge.net/sourceforge/zero-install/test-hello-1.0.tar.bz2" size="1070"/>
    </implementation>
  </group>

</interface>
<!-- Base64 Signature
iEYEABECAAYFAknh7bUACgkQrgeCgFmlPMETUQCfXrycAOgkBUomarKklYl9+mw4DxcAoM8JTGPj
qXE5d6eZzgG3uXq1npAl

-->
